<?xml version="1.0" encoding="UTF-8"?>
<!-- Generated by org.testng.reporters.JUnitReportReporter -->
<testsuite hostname="Dhivya" failures="0" tests="1" name="Base.Base" time="7.915" errors="0" timestamp="2024-10-12T18:59:56 IST" skipped="0">
  <testcase classname="Base.Base" name="OpenBrowser" time="7.915"/>
  <system-out/>
</testsuite> <!-- Base.Base -->
