<?xml version="1.0" encoding="UTF-8"?>
<!-- Generated by org.testng.reporters.JUnitReportReporter -->
<testsuite hostname="Dhivya" failures="0" tests="1" name="Pages.homePage" time="4.697" errors="0" timestamp="2024-10-12T19:45:15 IST" skipped="0">
  <testcase classname="Pages.homePage" name="OpenBrowser" time="4.697"/>
  <system-out/>
</testsuite> <!-- Pages.homePage -->
